<?xml version="1.0" encoding="UTF-8"?>
<!-- Generated by org.testng.reporters.JUnitXMLReporter -->
<testsuite ignored="0" hostname="DESKTOP-H2ULFNK" failures="0" tests="7" name="Default test" time="74.531" errors="0" timestamp="2020-08-27T16:19:24 IST">
  <testcase classname="kite.qa.testScripts.DashboardPageTest" name="@BeforeMethod setup" time="73.927">
    <failure type="org.openqa.selenium.WebDriverException" message="connection refused
Build info: version: &amp;apos;3.141.59&amp;apos;, revision: &amp;apos;e82be7d358&amp;apos;, time: &amp;apos;2018-11-14T08:17:03&amp;apos;
System info: host: &amp;apos;DESKTOP-H2ULFNK&amp;apos;, ip: &amp;apos;192.168.1.101&amp;apos;, os.name: &amp;apos;Windows 10&amp;apos;, os.arch: &amp;apos;amd64&amp;apos;, os.version: &amp;apos;10.0&amp;apos;, java.version: &amp;apos;11.0.1&amp;apos;
Driver info: driver.version: FirefoxDriver
remote stacktrace: ">
      <![CDATA[org.openqa.selenium.WebDriverException: connection refused
Build info: version: '3.141.59', revision: 'e82be7d358', time: '2018-11-14T08:17:03'
System info: host: 'DESKTOP-H2ULFNK', ip: '192.168.1.101', os.name: 'Windows 10', os.arch: 'amd64', os.version: '10.0', java.version: '11.0.1'
Driver info: driver.version: FirefoxDriver
remote stacktrace: 
at java.base/jdk.internal.reflect.NativeConstructorAccessorImpl.newInstance0(Native Method)
at java.base/jdk.internal.reflect.NativeConstructorAccessorImpl.newInstance(NativeConstructorAccessorImpl.java:62)
at java.base/jdk.internal.reflect.DelegatingConstructorAccessorImpl.newInstance(DelegatingConstructorAccessorImpl.java:45)
at java.base/java.lang.reflect.Constructor.newInstance(Constructor.java:490)
at org.openqa.selenium.remote.W3CHandshakeResponse.lambda$errorHandler$0(W3CHandshakeResponse.java:62)
at org.openqa.selenium.remote.HandshakeResponse.lambda$getResponseFunction$0(HandshakeResponse.java:30)
at org.openqa.selenium.remote.ProtocolHandshake.lambda$createSession$0(ProtocolHandshake.java:126)
at java.base/java.util.stream.ReferencePipeline$3$1.accept(ReferencePipeline.java:195)
at java.base/java.util.Spliterators$ArraySpliterator.tryAdvance(Spliterators.java:958)
at java.base/java.util.stream.ReferencePipeline.forEachWithCancel(ReferencePipeline.java:127)
at java.base/java.util.stream.AbstractPipeline.copyIntoWithCancel(AbstractPipeline.java:502)
at java.base/java.util.stream.AbstractPipeline.copyInto(AbstractPipeline.java:488)
at java.base/java.util.stream.AbstractPipeline.wrapAndCopyInto(AbstractPipeline.java:474)
at java.base/java.util.stream.FindOps$FindOp.evaluateSequential(FindOps.java:150)
at java.base/java.util.stream.AbstractPipeline.evaluate(AbstractPipeline.java:234)
at java.base/java.util.stream.ReferencePipeline.findFirst(ReferencePipeline.java:543)
at org.openqa.selenium.remote.ProtocolHandshake.createSession(ProtocolHandshake.java:128)
at org.openqa.selenium.remote.ProtocolHandshake.createSession(ProtocolHandshake.java:74)
at org.openqa.selenium.remote.HttpCommandExecutor.execute(HttpCommandExecutor.java:136)
at org.openqa.selenium.remote.service.DriverCommandExecutor.execute(DriverCommandExecutor.java:83)
at org.openqa.selenium.remote.RemoteWebDriver.execute(RemoteWebDriver.java:552)
at org.openqa.selenium.remote.RemoteWebDriver.startSession(RemoteWebDriver.java:213)
at org.openqa.selenium.remote.RemoteWebDriver.<init>(RemoteWebDriver.java:131)
at org.openqa.selenium.firefox.FirefoxDriver.<init>(FirefoxDriver.java:147)
at org.openqa.selenium.firefox.FirefoxDriver.<init>(FirefoxDriver.java:125)
at kite.qa.base.TestBase.initialization(TestBase.java:42)
at kite.qa.testScripts.DashboardPageTest.setup(DashboardPageTest.java:29)
at java.base/jdk.internal.reflect.NativeMethodAccessorImpl.invoke0(Native Method)
at java.base/jdk.internal.reflect.NativeMethodAccessorImpl.invoke(NativeMethodAccessorImpl.java:62)
at java.base/jdk.internal.reflect.DelegatingMethodAccessorImpl.invoke(DelegatingMethodAccessorImpl.java:43)
at java.base/java.lang.reflect.Method.invoke(Method.java:566)
at org.testng.internal.MethodInvocationHelper.invokeMethod(MethodInvocationHelper.java:134)
at org.testng.internal.MethodInvocationHelper.invokeMethodConsideringTimeout(MethodInvocationHelper.java:63)
at org.testng.internal.ConfigInvoker.invokeConfigurationMethod(ConfigInvoker.java:348)
at org.testng.internal.ConfigInvoker.invokeConfigurations(ConfigInvoker.java:302)
at org.testng.internal.TestInvoker.runConfigMethods(TestInvoker.java:695)
at org.testng.internal.TestInvoker.invokeMethod(TestInvoker.java:523)
at org.testng.internal.TestInvoker.invokeTestMethod(TestInvoker.java:173)
at org.testng.internal.MethodRunner.runInSequence(MethodRunner.java:46)
at org.testng.internal.TestInvoker$MethodInvocationAgent.invoke(TestInvoker.java:816)
at org.testng.internal.TestInvoker.invokeTestMethods(TestInvoker.java:146)
at org.testng.internal.TestMethodWorker.invokeTestMethods(TestMethodWorker.java:146)
at org.testng.internal.TestMethodWorker.run(TestMethodWorker.java:128)
at java.base/java.util.ArrayList.forEach(ArrayList.java:1540)
at org.testng.TestRunner.privateRun(TestRunner.java:766)
at org.testng.TestRunner.run(TestRunner.java:587)
at org.testng.SuiteRunner.runTest(SuiteRunner.java:384)
at org.testng.SuiteRunner.runSequentially(SuiteRunner.java:378)
at org.testng.SuiteRunner.privateRun(SuiteRunner.java:337)
at org.testng.SuiteRunner.run(SuiteRunner.java:286)
at org.testng.SuiteRunnerWorker.runSuite(SuiteRunnerWorker.java:53)
at org.testng.SuiteRunnerWorker.run(SuiteRunnerWorker.java:96)
at org.testng.TestNG.runSuitesSequentially(TestNG.java:1187)
at org.testng.TestNG.runSuitesLocally(TestNG.java:1109)
at org.testng.TestNG.runSuites(TestNG.java:1039)
at org.testng.TestNG.run(TestNG.java:1007)
at org.testng.remote.AbstractRemoteTestNG.run(AbstractRemoteTestNG.java:115)
at org.testng.remote.RemoteTestNG.initAndRun(RemoteTestNG.java:251)
at org.testng.remote.RemoteTestNG.main(RemoteTestNG.java:77)
]]>
    </failure>
  </testcase> <!-- @BeforeMethod setup -->
  <testcase classname="kite.qa.testScripts.DashboardPageTest" name="@AfterMethod tearDown" time="-1.598525361982E9">
    <skipped/>
  </testcase> <!-- @AfterMethod tearDown -->
  <testcase classname="kite.qa.testScripts.DashboardPageTest" name="@BeforeMethod setup" time="-1.598525362047E9">
    <skipped/>
  </testcase> <!-- @BeforeMethod setup -->
  <testcase classname="kite.qa.testScripts.DashboardPageTest" name="@AfterMethod tearDown" time="-1.598525362059E9">
    <skipped/>
  </testcase> <!-- @AfterMethod tearDown -->
  <testcase classname="kite.qa.testScripts.DashboardPageTest" name="@BeforeMethod setup" time="-1.598525362062E9">
    <skipped/>
  </testcase> <!-- @BeforeMethod setup -->
  <testcase classname="kite.qa.testScripts.DashboardPageTest" name="@AfterMethod tearDown" time="-1.59852536208E9">
    <skipped/>
  </testcase> <!-- @AfterMethod tearDown -->
  <testcase classname="kite.qa.testScripts.DashboardPageTest" name="@BeforeMethod setup" time="-1.598525362084E9">
    <skipped/>
  </testcase> <!-- @BeforeMethod setup -->
  <testcase classname="kite.qa.testScripts.DashboardPageTest" name="@AfterMethod tearDown" time="-1.598525362096E9">
    <skipped/>
  </testcase> <!-- @AfterMethod tearDown -->
  <testcase classname="kite.qa.testScripts.DashboardPageTest" name="@BeforeMethod setup" time="-1.598525362113E9">
    <skipped/>
  </testcase> <!-- @BeforeMethod setup -->
  <testcase classname="kite.qa.testScripts.DashboardPageTest" name="@AfterMethod tearDown" time="-1.598525362126E9">
    <skipped/>
  </testcase> <!-- @AfterMethod tearDown -->
  <testcase classname="kite.qa.testScripts.DashboardPageTest" name="@BeforeMethod setup" time="-1.598525362129E9">
    <skipped/>
  </testcase> <!-- @BeforeMethod setup -->
  <testcase classname="kite.qa.testScripts.DashboardPageTest" name="@AfterMethod tearDown" time="-1.598525362142E9">
    <skipped/>
  </testcase> <!-- @AfterMethod tearDown -->
  <testcase classname="kite.qa.testScripts.DashboardPageTest" name="@BeforeMethod setup" time="-1.598525362145E9">
    <skipped/>
  </testcase> <!-- @BeforeMethod setup -->
  <testcase classname="kite.qa.testScripts.DashboardPageTest" name="@AfterMethod tearDown" time="-1.598525362153E9">
    <skipped/>
  </testcase> <!-- @AfterMethod tearDown -->
  <testcase classname="kite.qa.testScripts.DashboardPageTest" name="checkBtnBlueTest" time="0.0">
    <skipped/>
  </testcase> <!-- checkBtnBlueTest -->
  <testcase classname="kite.qa.testScripts.DashboardPageTest" name="checkMarketULTest" time="0.0">
    <skipped/>
  </testcase> <!-- checkMarketULTest -->
  <testcase classname="kite.qa.testScripts.DashboardPageTest" name="checkNicknameTest" time="0.0">
    <skipped/>
  </testcase> <!-- checkNicknameTest -->
  <testcase classname="kite.qa.testScripts.DashboardPageTest" name="checkSearchMarketTest" time="0.0">
    <skipped/>
  </testcase> <!-- checkSearchMarketTest -->
  <testcase classname="kite.qa.testScripts.DashboardPageTest" name="checkUserIdLabelTest" time="0.0">
    <skipped/>
  </testcase> <!-- checkUserIdLabelTest -->
  <testcase classname="kite.qa.testScripts.DashboardPageTest" name="checkUserImageTest" time="0.0">
    <skipped/>
  </testcase> <!-- checkUserImageTest -->
  <testcase classname="kite.qa.testScripts.DashboardPageTest" name="getTitleTest" time="0.0">
    <skipped/>
  </testcase> <!-- getTitleTest -->
</testsuite> <!-- Default test -->
